make all --print-data-base --no-builtin-variables --no-builtin-rules --question
make: *** No rule to make target 'all'.  Stop.

# GNU Make 4.2.1
# Built for x86_64-pc-linux-gnu
# Copyright (C) 1988-2016 Free Software Foundation, Inc.
# License GPLv3+: GNU GPL version 3 or later <http://gnu.org/licenses/gpl.html>
# This is free software: you are free to change and redistribute it.
# There is NO WARRANTY, to the extent permitted by law.

# Make data base, printed on Wed Jun  8 00:01:56 2022

# Variables

# automatic
<D = $(patsubst %/,%,$(dir $<))
# automatic
?F = $(notdir $?)
# environment
WSLENV = VSCODE_WSL_EXT_LOCATION/up:VSCODE_SERVER_TAR/up
# default
.SHELLFLAGS := -c
# environment
VSCODE_LOG_NATIVE = false
# environment
NVM_INC = /home/konumaru/.config/nvm/versions/node/v16.14.0/include/node
# automatic
?D = $(patsubst %/,%,$(dir $?))
# automatic
@D = $(patsubst %/,%,$(dir $@))
# automatic
@F = $(notdir $@)
# makefile
CURDIR := /home/konumaru/.dotfiles
# makefile
SHELL = /bin/sh
# environment
PROMPT_EOL_MARK = 
# environment
VSCODE_NLS_CONFIG = {"locale":"ja","availableLanguages":{"*":"ja"},"_languagePackId":"9d94f43547cce1e89a98cb093d65701a.ja","_translationsConfigFile":"/home/konumaru/.vscode-server-insiders/data/clp/9d94f43547cce1e89a98cb093d65701a.ja/tcf.json","_cacheRoot":"/home/konumaru/.vscode-server-insiders/data/clp/9d94f43547cce1e89a98cb093d65701a.ja","_resolvedLanguagePackCoreLocation":"/home/konumaru/.vscode-server-insiders/data/clp/9d94f43547cce1e89a98cb093d65701a.ja/acb156d6fb0dc451f427748d5f68774f17cc96fd","_corruptedFile":"/home/konumaru/.vscode-server-insiders/data/clp/9d94f43547cce1e89a98cb093d65701a.ja/corrupted.info","_languagePackSupport":true}
# environment
_ = /home/konumaru/.vscode-server-insiders/bin/acb156d6fb0dc451f427748d5f68774f17cc96fd/node
# environment
SAVEHIST = 100000
# environment
KAGGLE_CONFIG_DIR = /home/konumaru/.kaggle
# makefile (from 'Makefile', line 1)
MAKEFILE_LIST :=  Makefile
# 'override' directive
GNUMAKEFLAGS := 
# makefile (from 'Makefile', line 1)
EXCLUSIONS := .DS_Store .git .github .gitmodules .config
# environment
VSCODE_VERBOSE_LOGGING = true
# environment
VSCODE_CWD = /mnt/c/Users/rkonu/AppData/Local/Programs/Microsoft VS Code Insiders
# default
MAKE_HOST := x86_64-pc-linux-gnu
# environment
PATH = /home/konumaru/.vscode-server-insiders/bin/acb156d6fb0dc451f427748d5f68774f17cc96fd/bin/remote-cli:/home/konumaru/.pyenv/bin:/home/konumaru/.config/nvm/versions/node/v16.14.0/bin:/home/konumaru/.local/share/zinit/plugins/paulirish---git-open:/home/konumaru/.local/share/zinit/polaris/bin:/home/konumaru/.poetry/bin:/Library/TeX/texbin:/usr/local/bin:/usr/local/sbin:/home/konumaru/.poetry/bin:/Library/TeX/texbin:/usr/local/bin:/usr/local/sbin:/usr/local/sbin:/usr/local/bin:/usr/sbin:/usr/bin:/sbin:/bin:/usr/games:/usr/local/games:/usr/lib/wsl/lib:/mnt/c/WINDOWS/system32:/mnt/c/WINDOWS:/mnt/c/WINDOWS/System32/Wbem:/mnt/c/WINDOWS/System32/WindowsPowerShell/v1.0/:/mnt/c/WINDOWS/System32/OpenSSH/:/mnt/c/Program Files/NVIDIA Corporation/NVIDIA NvDLISR:/mnt/c/Program Files (x86)/NVIDIA Corporation/PhysX/Common:/mnt/c/Program Files/Git/cmd:/mnt/c/Program Files/Docker/Docker/resources/bin:/mnt/c/ProgramData/DockerDesktop/version-bin:/mnt/c/Program Files/PowerShell/7/:/mnt/c/Users/rkonu/AppData/Local/Microsoft/WindowsApps:/mnt/c/ProgramData/AppGet/bin:/mnt/c/Users/rkonu/AppData/Local/Programs/oh-my-posh/bin:/mnt/c/Users/rkonu/AppData/Local/Programs/oh-my-posh/themes:/mnt/c/Users/rkonu/AppData/Local/Programs/Microsoft VS Code Insiders/bin:/home/konumaru/.local/share/zinit/plugins/reegnz---jq-zsh-plugin/bin:/home/konumaru/.local/share/zinit/plugins/reegnz---jq-zsh-plugin/bin
# environment
XDG_RUNTIME_DIR = /mnt/wslg/runtime-dir
# environment
NVM_BIN = /home/konumaru/.config/nvm/versions/node/v16.14.0/bin
# environment
VSCODE_LOG_STACK = false
# environment
PYENV_ROOT = /home/konumaru/.pyenv
# environment
VSCODE_IPC_HOOK_CLI = /mnt/wslg/runtime-dir/vscode-ipc-2499db99-8898-4b27-b5d9-e86cfad8cbf6.sock
# environment
VSCODE_SERVER_TAR = /mnt/c/Users/rkonu/AppData/Local/Temp/vscode-remote-wsl/acb156d6fb0dc451f427748d5f68774f17cc96fd/vscode-server-insider-linux-x64.tar.gz
# default
.FEATURES := target-specific order-only second-expansion else-if shortest-stem undefine oneshell archives jobserver output-sync check-symlink load
# automatic
%F = $(notdir $%)
# environment
DISPLAY = :0
# environment
VSCODE_PIPE_LOGGING = true
# environment
PWD = /home/konumaru/.dotfiles
# default
.LOADED := 
# environment
WSL_INTEROP = /run/WSL/17134_interop
# environment
PULSE_SERVER = /mnt/wslg/PulseServer
# environment
VSCODE_AMD_ENTRYPOINT = vs/workbench/api/node/extensionHostProcess
# environment
PYENV_SHELL = zsh
# environment
HOME = /home/konumaru
# makefile (from 'Makefile', line 3)
DOTFILES := .wslconfig .gitignore_global .zshrc .zprofile .zshenv .prettierignore .vscode .config/nvim .config/autohotkey .config/autostart
# environment
LOGNAME = konumaru
# environment
APPLICATION_INSIGHTS_NO_DIAGNOSTIC_CHANNEL = true
# environment
NVM_CD_FLAGS = -q
# environment
VSCODE_HANDLES_UNCAUGHT_ERRORS = true
# automatic
^D = $(patsubst %/,%,$(dir $^))
# environment
MAKELEVEL := 0
# makefile (from 'Makefile', line 4)
DOTPATH := /home/konumaru/.dotfiles
# default
MAKE = $(MAKE_COMMAND)
# default
MAKECMDGOALS := all
# environment
SHLVL = 0
# default
MAKE_VERSION := 4.2.1
# environment
USER = konumaru
# makefile
.DEFAULT_GOAL := deploy
# environment
NAME = Rui
# automatic
%D = $(patsubst %/,%,$(dir $%))
# environment
VSCODE_WSL_EXT_LOCATION = /mnt/c/Users/rkonu/.vscode-insiders/extensions/ms-vscode-remote.remote-wsl-0.66.3
# default
MAKE_COMMAND := make
# environment
ZPFX = /home/konumaru/.local/share/zinit/polaris
# environment
OLDPWD = /mnt/c/Users/rkonu/AppData/Local/Programs/Microsoft VS Code Insiders
# environment
ZSH_CACHE_DIR = /home/konumaru/.cache/zinit
# default
.VARIABLES := 
# automatic
*F = $(notdir $*)
# makefile
MAKEFLAGS = pqrR
# environment
MFLAGS = -pqrR
# automatic
*D = $(patsubst %/,%,$(dir $*))
# environment
NVM_DIR = /home/konumaru/.config/nvm
# automatic
+D = $(patsubst %/,%,$(dir $+))
# automatic
+F = $(notdir $+)
# environment
VSCODE_HANDLES_SIGPIPE = true
# environment
PMSPEC = 0uUpiPsf
# 'override' directive
.SHELLSTATUS := 0
# default
MAKEFILES := 
# automatic
<F = $(notdir $<)
# environment
XDG_CONFIG_HOME = /home/konumaru/.config
# environment
LC_ALL = C
# environment
CONDA_CHANGEPS1 = no
# environment
HOSTTYPE = x86_64
# makefile (from 'Makefile', line 2)
CANDIDATES := .wslconfig .gitignore_global .zshrc .zprofile .config .github .zshenv .prettierignore .vscode .git .config/nvim .config/autohotkey .config/autostart 
# automatic
^F = $(notdir $^)
# default
SUFFIXES := 
# environment
HISTSIZE = 1000
# environment
WAYLAND_DISPLAY = wayland-0
# default
.INCLUDE_DIRS = /usr/include /usr/local/include /usr/include
# default
.RECIPEPREFIX := 
# makefile (from 'Makefile', line 6)
TODAY := 2022_06_08
# environment
LANG = C
# environment
TERM = xterm-256color
# environment
VSCODE_EXTHOST_WILL_SEND_SOCKET = true
# environment
WSL_DISTRO_NAME = Ubuntu-20.04
# variable set hash-table stats:
# Load=90/1024=9%, Rehash=0, Collisions=4/121=3%

# Pattern-specific Variable Values

# No pattern-specific variable values.

# Directories

# . (device 2080, inode 40748): 22 files, no impossibilities.
# .config (device 2080, inode 40778): 5 files, no impossibilities.

# 27 files, no impossibilities in 2 directories.

# Implicit Rules

# No implicit rules.

# Files

# Not a target:
all:
#  Command line target.
#  Implicit rule search has been done.
#  File does not exist.
#  File has not been updated.

load-dconf:
#  Implicit rule search has not been done.
#  Modification time never checked.
#  File has not been updated.
#  recipe to execute (from 'Makefile', line 37):
	dconf load $(PWD)/backups/ubuntu-20.04/ < /
	guake --restore-preferences $(PWD)/backups/ubuntu-20.04/my-guake-preferences

# Not a target:
Makefile:
#  Implicit rule search has been done.
#  Last modified 2022-05-14 13:09:44.610309648
#  File has been updated.
#  Successfully updated.

backup:
#  Implicit rule search has not been done.
#  Modification time never checked.
#  File has not been updated.
#  recipe to execute (from 'Makefile', line 23):
	# Upload to github
	git add -A
	git commit -m "[backup] ${TODAY}"
	git push origin main

# Not a target:
.DEFAULT:
#  Implicit rule search has not been done.
#  Modification time never checked.
#  File has not been updated.

gen-github-sshkey:
#  Implicit rule search has not been done.
#  Modification time never checked.
#  File has not been updated.
#  recipe to execute (from 'Makefile', line 30):
	./etc/set_github_ssh_key.sh

clean:
#  Implicit rule search has not been done.
#  Modification time never checked.
#  File has not been updated.
#  recipe to execute (from 'Makefile', line 17):
	@echo 'Remove dot files in your home directory...'
	@-$(foreach val, $(DOTFILES), rm -vrf $(HOME)/$(val);)
	-rm -rf $(DOTPATH)

dump-dconf:
#  Implicit rule search has not been done.
#  Modification time never checked.
#  File has not been updated.
#  recipe to execute (from 'Makefile', line 33):
	dconf dump / > $(PWD)/backups/ubuntu-20.04/full-backup
	guake --save-preferences $(PWD)/backups/ubuntu-20.04/my-guake-preferences

list:
#  Implicit rule search has not been done.
#  Modification time never checked.
#  File has not been updated.
#  recipe to execute (from 'Makefile', line 13):
 
	@$(foreach val, $(DOTFILES), /bin/ls -dF $(val);)

deploy:
#  Implicit rule search has not been done.
#  Modification time never checked.
#  File has not been updated.
#  recipe to execute (from 'Makefile', line 9):
	@$(foreach val, $(DOTFILES), ln -sfnv $(abspath $(val)) $(HOME)/$(val);)

dump-brewfile:
#  Implicit rule search has not been done.
#  Modification time never checked.
#  File has not been updated.
#  recipe to execute (from 'Makefile', line 41):
	brew bundle dump --force --file ${HOME}/.dotfiles/backups/macos/Brewfile

# files hash-table stats:
# Load=12/1024=1%, Rehash=0, Collisions=0/22=0%
# VPATH Search Paths

# No 'vpath' search paths.

# No general ('VPATH' variable) search path.

# strcache buffers: 1 (0) / strings = 38 / storage = 338 B / avg = 8 B
# current buf: size = 8162 B / used = 338 B / count = 38 / avg = 8 B

# strcache performance: lookups = 53 / hit rate = 28%
# hash-table stats:
# Load=38/8192=0%, Rehash=0, Collisions=2/53=4%
# Finished Make data base on Wed Jun  8 00:01:56 2022

 
